c:\users\anant\desktop\iitb\acg project\desertscapes-simulation-master\vs2019\temp\debug\vc142.pdb
c:\users\anant\desktop\iitb\acg project\desertscapes-simulation-master\vs2019\temp\debug\vc142.idb
c:\users\anant\desktop\iitb\acg project\desertscapes-simulation-master\vs2019\temp\debug\main.obj
c:\users\anant\desktop\iitb\acg project\desertscapes-simulation-master\vs2019\temp\debug\desert.obj
c:\users\anant\desktop\iitb\acg project\desertscapes-simulation-master\vs2019\temp\debug\desert-simulation.obj
c:\users\anant\desktop\iitb\acg project\desertscapes-simulation-master\vs2019\temp\debug\desert-flow.obj
c:\users\anant\desktop\iitb\acg project\project-193050016\code\desertscapes-simulation\vs2019\temp\debug\vc142.pdb
c:\users\anant\desktop\iitb\acg project\project-193050016\code\desertscapes-simulation\vs2019\temp\debug\vc142.idb
c:\users\anant\desktop\iitb\acg project\project-193050016\code\desertscapes-simulation\vs2019\temp\debug\main.obj
c:\users\anant\desktop\iitb\acg project\project-193050016\code\desertscapes-simulation\vs2019\temp\debug\desert.obj
c:\users\anant\desktop\iitb\acg project\project-193050016\code\desertscapes-simulation\vs2019\temp\debug\desert-simulation.obj
c:\users\anant\desktop\iitb\acg project\project-193050016\code\desertscapes-simulation\vs2019\temp\debug\desert-flow.obj
c:\users\anant\desktop\iitb\acg project\desertscapes-simulation-master\vs2019\out\debug\desertscapes-cgf2019.ilk
c:\users\anant\desktop\iitb\acg project\desertscapes-simulation-master\vs2019\out\debug\desertscapes-cgf2019.exe
c:\users\anant\desktop\iitb\acg project\desertscapes-simulation-master\vs2019\out\debug\desertscapes-cgf2019.pdb
c:\users\anant\desktop\iitb\acg project\project-193050016\code\desertscapes-simulation\vs2019\out\debug\desertscapes-cgf2019.exe
c:\users\anant\desktop\iitb\acg project\project-193050016\code\desertscapes-simulation\vs2019\out\debug\desertscapes-cgf2019.ilk
c:\users\anant\desktop\iitb\acg project\project-193050016\code\desertscapes-simulation\vs2019\out\debug\desertscapes-cgf2019.pdb
c:\users\anant\desktop\iitb\acg project\project-193050016\code\desertscapes-simulation\vs2019\temp\debug\desertsc.b3831fc6.tlog\cl.command.1.tlog
c:\users\anant\desktop\iitb\acg project\project-193050016\code\desertscapes-simulation\vs2019\temp\debug\desertsc.b3831fc6.tlog\cl.read.1.tlog
c:\users\anant\desktop\iitb\acg project\project-193050016\code\desertscapes-simulation\vs2019\temp\debug\desertsc.b3831fc6.tlog\cl.write.1.tlog
c:\users\anant\desktop\iitb\acg project\project-193050016\code\desertscapes-simulation\vs2019\temp\debug\desertsc.b3831fc6.tlog\link.command.1.tlog
c:\users\anant\desktop\iitb\acg project\project-193050016\code\desertscapes-simulation\vs2019\temp\debug\desertsc.b3831fc6.tlog\link.read.1.tlog
c:\users\anant\desktop\iitb\acg project\project-193050016\code\desertscapes-simulation\vs2019\temp\debug\desertsc.b3831fc6.tlog\link.write.1.tlog
